        -:    0:Source:/home/shevchenya/CLionProjects/CourseWorkCache/google_tests/basic_tests.cpp
        -:    0:Graph:/home/shevchenya/CLionProjects/CourseWorkCache/cmake-build-debug/google_tests/CMakeFiles/google_tests_run.dir/basic_tests.cpp.gcno
        -:    0:Data:/home/shevchenya/CLionProjects/CourseWorkCache/cmake-build-debug/google_tests/CMakeFiles/google_tests_run.dir/basic_tests.cpp.gcda
        -:    0:Runs:1
        -:    0:Programs:1
        -:    1://
        -:    2:// Created by shevchenya on 15/11/2020.
        -:    3://
        -:    4:
        -:    5:#include <memory>
        -:    6:
        -:    7:#include "gtest/gtest.h"
        -:    8:#include "../src/Memory.h"
        -:    9:
        8:   10:TEST(BasicFinctionsTests, testToWordAddrFunction) {
        1:   10-block  0
        1:   10-block  1
        1:   10-block  2
        1:   10-block  3
        1:   10-block  4
    %%%%%:   10-block  5
    %%%%%:   10-block  6
    %%%%%:   10-block  7
    %%%%%:   10-block  8
    %%%%%:   10-block  9
    %%%%%:   10-block 10
        1:   10-block 11
        1:   10-block 12
        1:   10-block 13
        1:   10-block 14
        1:   10-block 15
        1:   11:    ASSERT_EQ(ToWordAddr(2064), 516);
        1:   11-block  0
        1:   11-block  1
    $$$$$:   11-block  2
    $$$$$:   11-block  3
    $$$$$:   11-block  4
    $$$$$:   11-block  5
        1:   11-block  6
        1:   11-block  7
        1:   11-block  8
    %%%%%:   11-block  9
    %%%%%:   11-block 10
    %%%%%:   11-block 11
    %%%%%:   11-block 12
    %%%%%:   11-block 13
    %%%%%:   11-block 14
    %%%%%:   11-block 15
    %%%%%:   11-block 16
    %%%%%:   11-block 17
    %%%%%:   11-block 18
        1:   12:    ASSERT_EQ(ToWordAddr(0), 0);
        1:   12-block  0
    $$$$$:   12-block  1
        1:   12-block  2
    $$$$$:   12-block  3
    $$$$$:   12-block  4
    $$$$$:   12-block  5
    $$$$$:   12-block  6
        1:   12-block  7
        1:   12-block  8
        1:   12-block  9
    %%%%%:   12-block 10
    %%%%%:   12-block 11
    %%%%%:   12-block 12
    %%%%%:   12-block 13
    %%%%%:   12-block 14
    %%%%%:   12-block 15
    %%%%%:   12-block 16
    %%%%%:   12-block 17
    %%%%%:   12-block 18
    %%%%%:   12-block 19
        1:   13:    ASSERT_EQ(ToWordAddr(24), 6);
        1:   13-block  0
    $$$$$:   13-block  1
        1:   13-block  2
    $$$$$:   13-block  3
    $$$$$:   13-block  4
    $$$$$:   13-block  5
    $$$$$:   13-block  6
        1:   13-block  7
        1:   13-block  8
        1:   13-block  9
    %%%%%:   13-block 10
    %%%%%:   13-block 11
    %%%%%:   13-block 12
    %%%%%:   13-block 13
    %%%%%:   13-block 14
    %%%%%:   13-block 15
    %%%%%:   13-block 16
    %%%%%:   13-block 17
    %%%%%:   13-block 18
    %%%%%:   13-block 19
        1:   14:    ASSERT_EQ(ToWordAddr(-12), 1073741821);
        1:   14-block  0
    $$$$$:   14-block  1
        1:   14-block  2
    $$$$$:   14-block  3
    $$$$$:   14-block  4
    $$$$$:   14-block  5
    $$$$$:   14-block  6
        1:   14-block  7
        1:   14-block  8
        1:   14-block  9
    %%%%%:   14-block 10
    %%%%%:   14-block 11
    %%%%%:   14-block 12
    %%%%%:   14-block 13
    %%%%%:   14-block 14
    %%%%%:   14-block 15
    %%%%%:   14-block 16
    %%%%%:   14-block 17
    %%%%%:   14-block 18
    %%%%%:   14-block 19
        1:   15:    ASSERT_EQ(ToWordAddr(1024), 256);
        1:   15-block  0
    $$$$$:   15-block  1
        1:   15-block  2
    $$$$$:   15-block  3
    $$$$$:   15-block  4
    $$$$$:   15-block  5
    $$$$$:   15-block  6
        1:   15-block  7
        1:   15-block  8
        1:   15-block  9
    %%%%%:   15-block 10
    %%%%%:   15-block 11
    %%%%%:   15-block 12
    %%%%%:   15-block 13
    %%%%%:   15-block 14
    %%%%%:   15-block 15
    %%%%%:   15-block 16
    %%%%%:   15-block 17
    %%%%%:   15-block 18
    %%%%%:   15-block 19
        1:   16:    ASSERT_EQ(ToWordAddr(516), 129);
        1:   16-block  0
    $$$$$:   16-block  1
        1:   16-block  2
    $$$$$:   16-block  3
    $$$$$:   16-block  4
    $$$$$:   16-block  5
    $$$$$:   16-block  6
        1:   16-block  7
        1:   16-block  8
        1:   16-block  9
    %%%%%:   16-block 10
    %%%%%:   16-block 11
    %%%%%:   16-block 12
    %%%%%:   16-block 13
    %%%%%:   16-block 14
    %%%%%:   16-block 15
    %%%%%:   16-block 16
    %%%%%:   16-block 17
    %%%%%:   16-block 18
    %%%%%:   16-block 19
        1:   17:    ASSERT_EQ(ToWordAddr(257), 64);
        1:   17-block  0
    $$$$$:   17-block  1
        1:   17-block  2
    $$$$$:   17-block  3
    $$$$$:   17-block  4
    $$$$$:   17-block  5
    $$$$$:   17-block  6
        1:   17-block  7
        1:   17-block  8
        1:   17-block  9
        1:   17-block 10
    $$$$$:   17-block 11
        1:   17-block 12
    %%%%%:   17-block 13
    %%%%%:   17-block 14
    %%%%%:   17-block 15
    %%%%%:   17-block 16
    %%%%%:   17-block 17
    %%%%%:   17-block 18
    %%%%%:   17-block 19
    %%%%%:   17-block 20
    %%%%%:   17-block 21
        -:   18:}
        -:   19:
        -:   20:
        8:   21:TEST(BasicFinctionsTests, testToLineAddrFinction) {
        1:   21-block  0
        1:   21-block  1
        1:   21-block  2
        1:   21-block  3
        1:   21-block  4
    %%%%%:   21-block  5
    %%%%%:   21-block  6
    %%%%%:   21-block  7
    %%%%%:   21-block  8
    %%%%%:   21-block  9
    %%%%%:   21-block 10
        1:   21-block 11
        1:   21-block 12
        1:   21-block 13
        1:   21-block 14
        1:   21-block 15
        1:   22:    ASSERT_EQ(ToLineAddr(512), 512);
        1:   22-block  0
        1:   22-block  1
    $$$$$:   22-block  2
    $$$$$:   22-block  3
    $$$$$:   22-block  4
    $$$$$:   22-block  5
        1:   22-block  6
        1:   22-block  7
        1:   22-block  8
    %%%%%:   22-block  9
    %%%%%:   22-block 10
    %%%%%:   22-block 11
    %%%%%:   22-block 12
    %%%%%:   22-block 13
    %%%%%:   22-block 14
    %%%%%:   22-block 15
    %%%%%:   22-block 16
    %%%%%:   22-block 17
    %%%%%:   22-block 18
        1:   23:    ASSERT_EQ(ToLineAddr(488), 384);
        1:   23-block  0
    $$$$$:   23-block  1
        1:   23-block  2
    $$$$$:   23-block  3
    $$$$$:   23-block  4
    $$$$$:   23-block  5
    $$$$$:   23-block  6
        1:   23-block  7
        1:   23-block  8
        1:   23-block  9
    %%%%%:   23-block 10
    %%%%%:   23-block 11
    %%%%%:   23-block 12
    %%%%%:   23-block 13
    %%%%%:   23-block 14
    %%%%%:   23-block 15
    %%%%%:   23-block 16
    %%%%%:   23-block 17
    %%%%%:   23-block 18
    %%%%%:   23-block 19
        1:   24:    ASSERT_EQ(ToLineAddr(1024), 1024);
        1:   24-block  0
    $$$$$:   24-block  1
        1:   24-block  2
    $$$$$:   24-block  3
    $$$$$:   24-block  4
    $$$$$:   24-block  5
    $$$$$:   24-block  6
        1:   24-block  7
        1:   24-block  8
        1:   24-block  9
    %%%%%:   24-block 10
    %%%%%:   24-block 11
    %%%%%:   24-block 12
    %%%%%:   24-block 13
    %%%%%:   24-block 14
    %%%%%:   24-block 15
    %%%%%:   24-block 16
    %%%%%:   24-block 17
    %%%%%:   24-block 18
    %%%%%:   24-block 19
        1:   25:    ASSERT_EQ(ToLineAddr(516), 512);
        1:   25-block  0
    $$$$$:   25-block  1
        1:   25-block  2
    $$$$$:   25-block  3
    $$$$$:   25-block  4
    $$$$$:   25-block  5
    $$$$$:   25-block  6
        1:   25-block  7
        1:   25-block  8
        1:   25-block  9
    %%%%%:   25-block 10
    %%%%%:   25-block 11
    %%%%%:   25-block 12
    %%%%%:   25-block 13
    %%%%%:   25-block 14
    %%%%%:   25-block 15
    %%%%%:   25-block 16
    %%%%%:   25-block 17
    %%%%%:   25-block 18
    %%%%%:   25-block 19
        1:   26:    ASSERT_EQ(ToLineAddr(256), 256);
        1:   26-block  0
    $$$$$:   26-block  1
        1:   26-block  2
    $$$$$:   26-block  3
    $$$$$:   26-block  4
    $$$$$:   26-block  5
    $$$$$:   26-block  6
        1:   26-block  7
        1:   26-block  8
        1:   26-block  9
    %%%%%:   26-block 10
    %%%%%:   26-block 11
    %%%%%:   26-block 12
    %%%%%:   26-block 13
    %%%%%:   26-block 14
    %%%%%:   26-block 15
    %%%%%:   26-block 16
    %%%%%:   26-block 17
    %%%%%:   26-block 18
    %%%%%:   26-block 19
        1:   27:    ASSERT_EQ(ToLineAddr(811), 768);
        1:   27-block  0
    $$$$$:   27-block  1
        1:   27-block  2
    $$$$$:   27-block  3
    $$$$$:   27-block  4
    $$$$$:   27-block  5
    $$$$$:   27-block  6
        1:   27-block  7
        1:   27-block  8
        1:   27-block  9
    %%%%%:   27-block 10
    %%%%%:   27-block 11
    %%%%%:   27-block 12
    %%%%%:   27-block 13
    %%%%%:   27-block 14
    %%%%%:   27-block 15
    %%%%%:   27-block 16
    %%%%%:   27-block 17
    %%%%%:   27-block 18
    %%%%%:   27-block 19
        1:   28:    ASSERT_EQ(ToLineAddr(204), 128);
        1:   28-block  0
    $$$$$:   28-block  1
        1:   28-block  2
    $$$$$:   28-block  3
    $$$$$:   28-block  4
    $$$$$:   28-block  5
    $$$$$:   28-block  6
        1:   28-block  7
        1:   28-block  8
        1:   28-block  9
    %%%%%:   28-block 10
    %%%%%:   28-block 11
    %%%%%:   28-block 12
    %%%%%:   28-block 13
    %%%%%:   28-block 14
    %%%%%:   28-block 15
    %%%%%:   28-block 16
    %%%%%:   28-block 17
    %%%%%:   28-block 18
    %%%%%:   28-block 19
        1:   29:    ASSERT_EQ(ToLineAddr(2052), 2048);
        1:   29-block  0
    $$$$$:   29-block  1
        1:   29-block  2
    $$$$$:   29-block  3
    $$$$$:   29-block  4
    $$$$$:   29-block  5
    $$$$$:   29-block  6
        1:   29-block  7
        1:   29-block  8
        1:   29-block  9
    %%%%%:   29-block 10
    %%%%%:   29-block 11
    %%%%%:   29-block 12
    %%%%%:   29-block 13
    %%%%%:   29-block 14
    %%%%%:   29-block 15
    %%%%%:   29-block 16
    %%%%%:   29-block 17
    %%%%%:   29-block 18
    %%%%%:   29-block 19
        1:   30:    ASSERT_EQ(ToLineAddr(532), 512);
        1:   30-block  0
    $$$$$:   30-block  1
        1:   30-block  2
    $$$$$:   30-block  3
    $$$$$:   30-block  4
    $$$$$:   30-block  5
    $$$$$:   30-block  6
        1:   30-block  7
        1:   30-block  8
        1:   30-block  9
    %%%%%:   30-block 10
    %%%%%:   30-block 11
    %%%%%:   30-block 12
    %%%%%:   30-block 13
    %%%%%:   30-block 14
    %%%%%:   30-block 15
    %%%%%:   30-block 16
    %%%%%:   30-block 17
    %%%%%:   30-block 18
    %%%%%:   30-block 19
        -:   31:
        -:   32:
       16:   33:    for (int i = 0; i < 15; i++)
        1:   33-block  0
    $$$$$:   33-block  1
       16:   33-block  2
       15:   33-block  3
    $$$$$:   33-block  4
        1:   33-block  5
    %%%%%:   33-block  6
        -:   34:    {
       15:   35:        ASSERT_EQ(ToLineAddr(512 + rand() % 127), 512);
       15:   35-block  0
       15:   35-block  1
    $$$$$:   35-block  2
    $$$$$:   35-block  3
    $$$$$:   35-block  4
    $$$$$:   35-block  5
       15:   35-block  6
       15:   35-block  7
       15:   35-block  8
    %%%%%:   35-block  9
    %%%%%:   35-block 10
    %%%%%:   35-block 11
    %%%%%:   35-block 12
    %%%%%:   35-block 13
    %%%%%:   35-block 14
    %%%%%:   35-block 15
    %%%%%:   35-block 16
        -:   36:    }
        -:   37:}
        -:   38:
        8:   39:TEST(BasicFinctionsTests, testToLineOffset) {
        1:   39-block  0
        1:   39-block  1
        1:   39-block  2
        1:   39-block  3
        1:   39-block  4
    %%%%%:   39-block  5
    %%%%%:   39-block  6
    %%%%%:   39-block  7
    %%%%%:   39-block  8
    %%%%%:   39-block  9
        1:   39-block 10
        1:   39-block 11
        1:   39-block 12
        1:   39-block 13
        1:   39-block 14
        1:   40:    ASSERT_EQ(ToLineOffset(512), 0);
        1:   40-block  0
        1:   40-block  1
    $$$$$:   40-block  2
    $$$$$:   40-block  3
    $$$$$:   40-block  4
    $$$$$:   40-block  5
        1:   40-block  6
        1:   40-block  7
        1:   40-block  8
    %%%%%:   40-block  9
    %%%%%:   40-block 10
    %%%%%:   40-block 11
    %%%%%:   40-block 12
    %%%%%:   40-block 13
    %%%%%:   40-block 14
    %%%%%:   40-block 15
    %%%%%:   40-block 16
    %%%%%:   40-block 17
    %%%%%:   40-block 18
        1:   41:    ASSERT_EQ(ToLineOffset(516), 1);
        1:   41-block  0
    $$$$$:   41-block  1
        1:   41-block  2
    $$$$$:   41-block  3
    $$$$$:   41-block  4
    $$$$$:   41-block  5
    $$$$$:   41-block  6
        1:   41-block  7
        1:   41-block  8
        1:   41-block  9
    %%%%%:   41-block 10
    %%%%%:   41-block 11
    %%%%%:   41-block 12
    %%%%%:   41-block 13
    %%%%%:   41-block 14
    %%%%%:   41-block 15
    %%%%%:   41-block 16
    %%%%%:   41-block 17
    %%%%%:   41-block 18
    %%%%%:   41-block 19
        1:   42:    ASSERT_EQ(ToLineOffset(204), 19);
        1:   42-block  0
    $$$$$:   42-block  1
        1:   42-block  2
    $$$$$:   42-block  3
    $$$$$:   42-block  4
    $$$$$:   42-block  5
    $$$$$:   42-block  6
        1:   42-block  7
        1:   42-block  8
        1:   42-block  9
    %%%%%:   42-block 10
    %%%%%:   42-block 11
    %%%%%:   42-block 12
    %%%%%:   42-block 13
    %%%%%:   42-block 14
    %%%%%:   42-block 15
    %%%%%:   42-block 16
    %%%%%:   42-block 17
    %%%%%:   42-block 18
    %%%%%:   42-block 19
        1:   43:    ASSERT_EQ(ToLineOffset(525), 3);
        1:   43-block  0
    $$$$$:   43-block  1
        1:   43-block  2
    $$$$$:   43-block  3
    $$$$$:   43-block  4
    $$$$$:   43-block  5
    $$$$$:   43-block  6
        1:   43-block  7
        1:   43-block  8
        1:   43-block  9
    %%%%%:   43-block 10
    %%%%%:   43-block 11
    %%%%%:   43-block 12
    %%%%%:   43-block 13
    %%%%%:   43-block 14
    %%%%%:   43-block 15
    %%%%%:   43-block 16
    %%%%%:   43-block 17
    %%%%%:   43-block 18
    %%%%%:   43-block 19
        1:   44:    ASSERT_EQ(ToLineOffset(1008), 28);
        1:   44-block  0
    $$$$$:   44-block  1
        1:   44-block  2
    $$$$$:   44-block  3
    $$$$$:   44-block  4
    $$$$$:   44-block  5
    $$$$$:   44-block  6
        1:   44-block  7
        1:   44-block  8
        1:   44-block  9
    %%%%%:   44-block 10
    %%%%%:   44-block 11
    %%%%%:   44-block 12
    %%%%%:   44-block 13
    %%%%%:   44-block 14
    %%%%%:   44-block 15
    %%%%%:   44-block 16
    %%%%%:   44-block 17
    %%%%%:   44-block 18
    %%%%%:   44-block 19
        1:   45:    ASSERT_EQ(ToLineOffset(202), 18);
        1:   45-block  0
    $$$$$:   45-block  1
        1:   45-block  2
    $$$$$:   45-block  3
    $$$$$:   45-block  4
    $$$$$:   45-block  5
    $$$$$:   45-block  6
        1:   45-block  7
        1:   45-block  8
        1:   45-block  9
    %%%%%:   45-block 10
    %%%%%:   45-block 11
    %%%%%:   45-block 12
    %%%%%:   45-block 13
    %%%%%:   45-block 14
    %%%%%:   45-block 15
    %%%%%:   45-block 16
    %%%%%:   45-block 17
    %%%%%:   45-block 18
    %%%%%:   45-block 19
        1:   46:    ASSERT_EQ(ToLineOffset(508), 31);
        1:   46-block  0
    $$$$$:   46-block  1
        1:   46-block  2
    $$$$$:   46-block  3
    $$$$$:   46-block  4
    $$$$$:   46-block  5
    $$$$$:   46-block  6
        1:   46-block  7
        1:   46-block  8
        1:   46-block  9
    %%%%%:   46-block 10
    %%%%%:   46-block 11
    %%%%%:   46-block 12
    %%%%%:   46-block 13
    %%%%%:   46-block 14
    %%%%%:   46-block 15
    %%%%%:   46-block 16
    %%%%%:   46-block 17
    %%%%%:   46-block 18
    %%%%%:   46-block 19
        -:   47:
       33:   48:    for (int i = 0; i < 32; i++)
        1:   48-block  0
    $$$$$:   48-block  1
       33:   48-block  2
       32:   48-block  3
    $$$$$:   48-block  4
        1:   48-block  5
        1:   48-block  6
    %%%%%:   48-block  7
        -:   49:    {
       32:   50:        ASSERT_EQ(ToLineOffset(128 + 4 * i), i);
       32:   50-block  0
       32:   50-block  1
    $$$$$:   50-block  2
    $$$$$:   50-block  3
    $$$$$:   50-block  4
    $$$$$:   50-block  5
       32:   50-block  6
       32:   50-block  7
       32:   50-block  8
    %%%%%:   50-block  9
    %%%%%:   50-block 10
    %%%%%:   50-block 11
    %%%%%:   50-block 12
    %%%%%:   50-block 13
    %%%%%:   50-block 14
    %%%%%:   50-block 15
        -:   51:    }
        4:   52:}
        1:   52-block  0
        1:   52-block  1
        1:   52-block  2
        1:   52-block  3
        1:   52-block  4
        1:   52-block  5
