        -:    0:Source:/home/shevchenya/CLionProjects/CourseWorkCache/src/Memory.h
        -:    0:Graph:/home/shevchenya/CLionProjects/CourseWorkCache/cmake-build-debug/google_tests/CMakeFiles/google_tests_run.dir/cache_code_response_tests.cpp.gcno
        -:    0:Data:/home/shevchenya/CLionProjects/CourseWorkCache/cmake-build-debug/google_tests/CMakeFiles/google_tests_run.dir/cache_code_response_tests.cpp.gcda
        -:    0:Runs:1
        -:    0:Programs:1
        -:    1:#ifndef RISCV_SIM_DATAMEMORY_H
        -:    2:#define RISCV_SIM_DATAMEMORY_H
        -:    3:
        -:    4:#include "Instruction.h"
        -:    5:#include <iostream>
        -:    6:#include <algorithm>
        -:    7:#include <fstream>
        -:    8:#include <elf.h>
        -:    9:#include <cstring>
        -:   10:#include <vector>
        -:   11:#include <cassert>
        -:   12:#include <map>
        -:   13:#include <unordered_map>
        -:   14:
        -:   15:using namespace std;
        -:   16:
        -:   17:
        -:   18:static constexpr size_t blockCount = 4;
        -:   19:static constexpr size_t memSize = 1024*1024; // memory size in 4-byte words
        -:   20:static constexpr size_t lineSizeBytes = 128;
        -:   21:static constexpr size_t lineSizeWords = lineSizeBytes / sizeof(Word);
        -:   22:static constexpr size_t dataCacheBytes = 4096;
        -:   23:static constexpr size_t codeCacheBytes = 1024;
        -:   24:
        -:   25:
        -:   26:using Line = std::array<Word, lineSizeWords>;
        -:   27:struct CacheCell {
        -:   28:    Word address;
        -:   29:    Line dataLine;
        -:   30:    Word lastUsage;
        -:   31:    bool validityBit;
        -:   32:};
        -:   33:
        -:   34:using Block = vector<CacheCell>;
        -:   35:
        8:   36:static Word ToWordAddr(Word ip) { return ip >> 2u; }
        4:   36-block  0
        4:   36-block  1
       16:   37:static Word ToLineAddr(Word ip) { return ip & ~(lineSizeBytes - 1); }
        8:   37-block  0
        8:   37-block  1
        8:   38:static Word ToLineOffset(Word ip) { return ToWordAddr(ip) & (lineSizeWords - 1); }
        4:   38-block  0
        4:   38-block  1
        -:   39:
    #####:   40:class MemoryStorage {
    $$$$$:   40-block  0
    $$$$$:   40-block  1
        -:   41:public:
        -:   42:
    #####:   43:    MemoryStorage()
    $$$$$:   43-block  0
    #####:   44:    {
    $$$$$:   44-block  0
    %%%%%:   44-block  1
    #####:   45:        _mem.resize(memSize);
    #####:   46:    }
    $$$$$:   46-block  0
        -:   47:
    #####:   48:    bool LoadElf(const std::string &elf_filename) {
    $$$$$:   48-block  0
    #####:   49:        std::ifstream elffile;
    $$$$$:   49-block  0
    $$$$$:   49-block  1
    $$$$$:   49-block  2
    %%%%%:   49-block  3
    %%%%%:   49-block  4
    #####:   50:        elffile.open(elf_filename, std::ios::in | std::ios::binary);
    $$$$$:   50-block  0
        -:   51:
    #####:   52:        if (!elffile.is_open()) {
    $$$$$:   52-block  0
    $$$$$:   52-block  1
    #####:   53:            std::cerr << "ERROR: load_elf: failed opening file \"" << elf_filename << "\"" << std::endl;
    $$$$$:   53-block  0
    $$$$$:   53-block  1
    $$$$$:   53-block  2
    $$$$$:   53-block  3
    #####:   54:            return false;
    $$$$$:   54-block  0
        -:   55:        }
        -:   56:
    #####:   57:        elffile.seekg(0, elffile.end);
    $$$$$:   57-block  0
    #####:   58:        size_t buf_sz = elffile.tellg();
    $$$$$:   58-block  0
    $$$$$:   58-block  1
    #####:   59:        elffile.seekg(0, elffile.beg);
        -:   60:
        -:   61:        // Read the entire file. If it doesn't fit in host memory, it won't fit in the risc-v processor
    #####:   62:        std::vector<char> buf(buf_sz);
    $$$$$:   62-block  0
    $$$$$:   62-block  1
    $$$$$:   62-block  2
    %%%%%:   62-block  3
    %%%%%:   62-block  4
    #####:   63:        elffile.read(buf.data(), buf_sz);
        -:   64:
    #####:   65:        if (!elffile) {
    $$$$$:   65-block  0
    $$$$$:   65-block  1
    #####:   66:            std::cerr << "ERROR: load_elf: failed reading elf header" << std::endl;
    $$$$$:   66-block  0
    $$$$$:   66-block  1
    #####:   67:            return false;
    $$$$$:   67-block  0
        -:   68:        }
        -:   69:
    #####:   70:        if (buf_sz < sizeof(Elf32_Ehdr)) {
    $$$$$:   70-block  0
    #####:   71:            std::cerr << "ERROR: load_elf: file too small to be a valid elf file" << std::endl;
    $$$$$:   71-block  0
    $$$$$:   71-block  1
    #####:   72:            return false;
    $$$$$:   72-block  0
        -:   73:        }
        -:   74:
        -:   75:        // make sure the header matches elf32 or elf64
    #####:   76:        Elf32_Ehdr *ehdr = (Elf32_Ehdr *) buf.data();
    $$$$$:   76-block  0
    #####:   77:        unsigned char* e_ident = ehdr->e_ident;
    #####:   78:        if (e_ident[EI_MAG0] != ELFMAG0
    #####:   79:            || e_ident[EI_MAG1] != ELFMAG1
    $$$$$:   79-block  0
    #####:   80:            || e_ident[EI_MAG2] != ELFMAG2
    $$$$$:   80-block  0
    #####:   81:            || e_ident[EI_MAG3] != ELFMAG3) {
    $$$$$:   81-block  0
    #####:   82:            std::cerr << "ERROR: load_elf: file is not an elf file" << std::endl;
    $$$$$:   82-block  0
    $$$$$:   82-block  1
    #####:   83:            return false;
    $$$$$:   83-block  0
        -:   84:        }
        -:   85:
    #####:   86:        if (e_ident[EI_CLASS] == ELFCLASS32) {
    $$$$$:   86-block  0
        -:   87:            // 32-bit ELF
    #####:   88:            return this->LoadElfSpecific<Elf32_Ehdr, Elf32_Phdr>(buf.data(), buf_sz);
    $$$$$:   88-block  0
    $$$$$:   88-block  1
    #####:   89:        } else if (e_ident[EI_CLASS] == ELFCLASS64) {
    $$$$$:   89-block  0
        -:   90:            // 64-bit ELF
    #####:   91:            return this->LoadElfSpecific<Elf64_Ehdr, Elf64_Phdr>(buf.data(), buf_sz);
    $$$$$:   91-block  0
    $$$$$:   91-block  1
        -:   92:        } else {
    #####:   93:            std::cerr << "ERROR: load_elf: file is neither 32-bit nor 64-bit" << std::endl;
    $$$$$:   93-block  0
    $$$$$:   93-block  1
    #####:   94:            return false;
    $$$$$:   94-block  0
        -:   95:        }
        -:   96:    }
        -:   97:
    #####:   98:    Word Read(Word ip)
    $$$$$:   98-block  0
        -:   99:    {
    #####:  100:        return _mem[ToWordAddr(ip)];
    $$$$$:  100-block  0
        -:  101:    }
        -:  102:
    #####:  103:    void Write(Word ip, Word data)
    $$$$$:  103-block  0
        -:  104:    {
    #####:  105:        _mem[ToWordAddr(ip)] = data;
    $$$$$:  105-block  0
    #####:  106:    }
        -:  107:
        -:  108:private:
        -:  109:    template <typename Elf_Ehdr, typename Elf_Phdr>
    #####:  110:    bool LoadElfSpecific(char *buf, size_t buf_sz) {
    $$$$$:  110-block  0
    $$$$$:  110-block  1
        -:  111:        // 64-bit ELF
    #####:  112:        Elf_Ehdr *ehdr = (Elf_Ehdr*) buf;
    #####:  113:        Elf_Phdr *phdr = (Elf_Phdr*) (buf + ehdr->e_phoff);
    #####:  114:        if (buf_sz < ehdr->e_phoff + ehdr->e_phnum * sizeof(Elf_Phdr)) {
    $$$$$:  114-block  0
    $$$$$:  114-block  1
    #####:  115:            std::cerr << "ERROR: load_elf: file too small for expected number of program header tables" << std::endl;
    $$$$$:  115-block  0
    $$$$$:  115-block  1
    #####:  116:            return false;
        -:  117:        }
    #####:  118:        auto memptr = reinterpret_cast<char*>(_mem.data());
    $$$$$:  118-block  0
    $$$$$:  118-block  1
        -:  119:        // loop through program header tables
    #####:  120:        for (int i = 0 ; i < ehdr->e_phnum ; i++) {
    $$$$$:  120-block  0
    $$$$$:  120-block  1
    $$$$$:  120-block  2
    $$$$$:  120-block  3
    #####:  121:            if ((phdr[i].p_type == PT_LOAD) && (phdr[i].p_memsz > 0)) {
    $$$$$:  121-block  0
    $$$$$:  121-block  1
    $$$$$:  121-block  2
    $$$$$:  121-block  3
    #####:  122:                if (phdr[i].p_memsz < phdr[i].p_filesz) {
    $$$$$:  122-block  0
    $$$$$:  122-block  1
    #####:  123:                    std::cerr << "ERROR: load_elf: file size is larger than memory size" << std::endl;
    $$$$$:  123-block  0
    $$$$$:  123-block  1
    #####:  124:                    return false;
        -:  125:                }
    #####:  126:                if (phdr[i].p_filesz > 0) {
    $$$$$:  126-block  0
    $$$$$:  126-block  1
    #####:  127:                    if (phdr[i].p_offset + phdr[i].p_filesz > buf_sz) {
    $$$$$:  127-block  0
    $$$$$:  127-block  1
    #####:  128:                        std::cerr << "ERROR: load_elf: file section overflow" << std::endl;
    $$$$$:  128-block  0
    $$$$$:  128-block  1
    #####:  129:                        return false;
        -:  130:                    }
        -:  131:
        -:  132:                    // start of file section: buf + phdr[i].p_offset
        -:  133:                    // end of file section: buf + phdr[i].p_offset + phdr[i].p_filesz
        -:  134:                    // start of memory: phdr[i].p_paddr
    #####:  135:                    std::memcpy(memptr + phdr[i].p_paddr, buf + phdr[i].p_offset, phdr[i].p_filesz);
    $$$$$:  135-block  0
    $$$$$:  135-block  1
        -:  136:                }
    #####:  137:                if (phdr[i].p_memsz > phdr[i].p_filesz) {
    $$$$$:  137-block  0
    $$$$$:  137-block  1
        -:  138:                    // copy 0's to fill up remaining memory
    #####:  139:                    size_t zeros_sz = phdr[i].p_memsz - phdr[i].p_filesz;
    #####:  140:                    std::memset(memptr + phdr[i].p_paddr + phdr[i].p_filesz, 0, zeros_sz);
    $$$$$:  140-block  0
    $$$$$:  140-block  1
    $$$$$:  140-block  2
    $$$$$:  140-block  3
        -:  141:                }
        -:  142:            }
        -:  143:        }
    #####:  144:        return true;
    $$$$$:  144-block  0
    $$$$$:  144-block  1
        -:  145:    }
        -:  146:
        -:  147:    std::vector<Word> _mem;
        -:  148:};
        -:  149:
        -:  150:class IMem
        -:  151:{
        -:  152:public:
    #####:  153:    IMem() = default;
    $$$$$:  153-block  0
    #####:  154:    virtual ~IMem() = default;
    $$$$$:  154-block  0
    $$$$$:  154-block  1
    $$$$$:  154-block  2
        -:  155:    IMem(const IMem &) = delete;
        -:  156:    IMem(IMem &&) = delete;
        -:  157:
        -:  158:    IMem& operator=(const IMem&) = delete;
        -:  159:    IMem& operator=(IMem&&) = delete;
        -:  160:
        -:  161:    virtual void Request(Word ip) = 0;
        -:  162:    virtual std::optional<Word> Response() = 0;
        -:  163:    virtual void Request(InstructionPtr &instr) = 0;
        -:  164:    virtual bool Response(InstructionPtr &instr) = 0;
        -:  165:    virtual void Clock() = 0;
        -:  166:    virtual size_t getWaitCycles() = 0;
        -:  167:};
        -:  168:
    #####:  169:class UncachedMem : public IMem
    $$$$$:  169-block  0
    $$$$$:  169-block  1
    $$$$$:  169-block  2
    $$$$$:  169-block  3
        -:  170:{
        -:  171:public:
    #####:  172:    explicit UncachedMem(MemoryStorage& amem)
    $$$$$:  172-block  0
    #####:  173:            : _mem(amem)
    $$$$$:  173-block  0
        -:  174:    {
        -:  175:
    #####:  176:    }
        -:  177:
        -:  178:
    #####:  179:    void Request(Word ip) override
    $$$$$:  179-block  0
        -:  180:    {
    #####:  181:        _requestedIp = ip;
    #####:  182:        _waitCycles = latency;
    #####:  183:    }
        -:  184:
    #####:  185:    std::optional<Word> Response() override
    $$$$$:  185-block  0
        -:  186:    {
    #####:  187:        if (_waitCycles > 0)
    $$$$$:  187-block  0
    #####:  188:            return std::optional<Word>();
    $$$$$:  188-block  0
    #####:  189:        return _mem.Read(_requestedIp);
    $$$$$:  189-block  0
    $$$$$:  189-block  1
    $$$$$:  189-block  2
    $$$$$:  189-block  3
        -:  190:    }
        -:  191:
    #####:  192:    void Request(InstructionPtr &instr) override
    $$$$$:  192-block  0
        -:  193:    {
    #####:  194:        if (instr->_type != IType::Ld && instr->_type != IType::St)
    $$$$$:  194-block  0
    $$$$$:  194-block  1
    $$$$$:  194-block  2
    $$$$$:  194-block  3
    $$$$$:  194-block  4
    #####:  195:            return;
    $$$$$:  195-block  0
        -:  196:
    #####:  197:        Request(instr->_addr);
    $$$$$:  197-block  0
        -:  198:    }
        -:  199:
    #####:  200:    bool Response(InstructionPtr &instr) override
    $$$$$:  200-block  0
        -:  201:    {
    #####:  202:        if (instr->_type != IType::Ld && instr->_type != IType::St)
    $$$$$:  202-block  0
    $$$$$:  202-block  1
    $$$$$:  202-block  2
    $$$$$:  202-block  3
    $$$$$:  202-block  4
    #####:  203:            return true;
    $$$$$:  203-block  0
        -:  204:
    #####:  205:        if (_waitCycles != 0)
    $$$$$:  205-block  0
    #####:  206:            return false;
    $$$$$:  206-block  0
        -:  207:
    #####:  208:        if (instr->_type == IType::Ld)
    $$$$$:  208-block  0
    #####:  209:            instr->_data = _mem.Read(instr->_addr);
    $$$$$:  209-block  0
    #####:  210:        else if (instr->_type == IType::St)
    $$$$$:  210-block  0
    #####:  211:            _mem.Write(instr->_addr, instr->_data);
    $$$$$:  211-block  0
        -:  212:
    #####:  213:        return true;
    $$$$$:  213-block  0
        -:  214:    }
        -:  215:
        7:  216:    Line readLineFromMemory(Word ip)
        7:  216-block  0
        -:  217:    {
        7:  218:        Line memoryLine = { 0 };
      231:  219:        for (int i = 0; i < lineSizeWords; ++i) {
        7:  219-block  0
      231:  219-block  1
      224:  220:            memoryLine[i] = _mem.Read(ip + 4 * i);
      224:  220-block  0
        -:  221:        }
        -:  222:
        7:  223:        return memoryLine;
        7:  223-block  0
        -:  224:    }
        -:  225:
        2:  226:    void writeLineToMemory(Line memoryLine, Word lineAddr)
        2:  226-block  0
        -:  227:    {
       66:  228:        for (int i = 0; i < lineSizeWords; ++i) {
        2:  228-block  0
       66:  228-block  1
       64:  229:            _mem.Write(lineAddr + 4 * i, memoryLine[i]);
       64:  229-block  0
        -:  230:        }
        2:  231:    }
        -:  232:
    #####:  233:    void Clock() override
    $$$$$:  233-block  0
        -:  234:    {
    #####:  235:        if (_waitCycles > 0)
    $$$$$:  235-block  0
    #####:  236:            --_waitCycles;
    $$$$$:  236-block  0
    #####:  237:    }
        -:  238:
    #####:  239:    size_t getWaitCycles() override
    $$$$$:  239-block  0
        -:  240:    {
    #####:  241:        return _waitCycles;
    $$$$$:  241-block  0
        -:  242:    }
        -:  243:
        -:  244:
        -:  245:private:
        -:  246:    static constexpr size_t latency = 120;
        -:  247:    Word _requestedIp = 0;
        -:  248:    size_t _waitCycles = 0;
        -:  249:    MemoryStorage& _mem;
        -:  250:};
        -:  251:
        -:  252:// TODO: Create cache for data and for code that works for 1 and 3 ticks
    #####:  253:class CachedMem
    $$$$$:  253-block  0
    $$$$$:  253-block  1
    $$$$$:  253-block  2
    $$$$$:  253-block  3
    $$$$$:  253-block  4
    %%%%%:  253-block  5
        -:  254:{
        -:  255:public:
    #####:  256:    explicit CachedMem(UncachedMem& uncachedMem): _mem(uncachedMem) {
    $$$$$:  256-block  0
    $$$$$:  256-block  1
    $$$$$:  256-block  2
    $$$$$:  256-block  3
    %%%%%:  256-block  4
    %%%%%:  256-block  5
    %%%%%:  256-block  6
    %%%%%:  256-block  7
    %%%%%:  256-block  8
    %%%%%:  256-block  9
    #####:  257:        initializeCache();
    #####:  258:    }
    $$$$$:  258-block  0
        -:  259:
        -:  260:    bool checkAddress(bool dataOrCode, int address)
        -:  261:    {
        -:  262:        vector<Block> temporalCacheCopy;
        -:  263:        int blockSize = 0;
        -:  264:        if (dataOrCode) {
        -:  265:            temporalCacheCopy = _dataMemory;
        -:  266:            blockSize = dataCacheBytes / blockCount;
        -:  267:        }
        -:  268:        else {
        -:  269:            temporalCacheCopy = _codeMemory;
        -:  270:            blockSize = codeCacheBytes / blockCount;
        -:  271:        }
        -:  272:
        -:  273:        for (Block block : temporalCacheCopy)
        -:  274:        {
        -:  275:            if (block[(address % blockSize) / lineSizeBytes].address == address)
        -:  276:                return true;
        -:  277:        }
        -:  278:        return false;
        -:  279:    }
        -:  280:
        -:  281:
    #####:  282:    static bool checkAllBits(vector<Block> &cache, Word key, unsigned long indexing)
    $$$$$:  282-block  0
        -:  283:    {
    #####:  284:        for (int i = 0; i < blockCount; i++)
    $$$$$:  284-block  0
    $$$$$:  284-block  1
    $$$$$:  284-block  2
        -:  285:        {
    #####:  286:            if (i != key && cache[i][indexing].lastUsage == 0)
    $$$$$:  286-block  0
    $$$$$:  286-block  1
    $$$$$:  286-block  2
    $$$$$:  286-block  3
    $$$$$:  286-block  4
        -:  287:            {
    #####:  288:                return false;
    $$$$$:  288-block  0
        -:  289:            }
        -:  290:        }
    #####:  291:        return true;
    $$$$$:  291-block  0
        -:  292:    }
        -:  293:
    #####:  294:    static void changeLRUBit(vector<Block> &cache, Word key, unsigned long indexing)
    $$$$$:  294-block  0
        -:  295:    {
    #####:  296:        if (checkAllBits(cache, key, indexing))
    $$$$$:  296-block  0
        -:  297:        {
    #####:  298:            for (int j = 0; j < blockCount; j++)
    $$$$$:  298-block  0
    $$$$$:  298-block  1
    $$$$$:  298-block  2
    $$$$$:  298-block  3
        -:  299:            {
    #####:  300:                if (key != j)
    $$$$$:  300-block  0
    #####:  301:                    cache[j][indexing].lastUsage = 0;
    $$$$$:  301-block  0
        -:  302:            }
        -:  303:        }
    #####:  304:    }
        -:  305:
    #####:  306:    static bool ifAllMarked(vector<Block> &cache, unsigned long indexing)
    $$$$$:  306-block  0
        -:  307:    {
    #####:  308:        for (int i = 0; i < blockCount; i++)
    $$$$$:  308-block  0
    $$$$$:  308-block  1
    $$$$$:  308-block  2
        -:  309:        {
    #####:  310:            if (cache[i][indexing].address == 0)
    $$$$$:  310-block  0
        -:  311:            {
    #####:  312:                return false;
    $$$$$:  312-block  0
        -:  313:            }
        -:  314:        }
    #####:  315:        return true;
    $$$$$:  315-block  0
        -:  316:    }
        -:  317:    
    #####:  318:    pair<Word, Word> pseudoLRUFinding(bool dataOrCode, int key)
    $$$$$:  318-block  0
        -:  319:    {
        -:  320:        vector<Block> *temporalCacheCopy;
    #####:  321:        int blockSize = 0;
    #####:  322:        if (dataOrCode) {
    $$$$$:  322-block  0
    #####:  323:            temporalCacheCopy = &_dataMemory;
    #####:  324:            blockSize = dataCacheBytes / blockCount;
    $$$$$:  324-block  0
        -:  325:        }
        -:  326:        else {
    #####:  327:            temporalCacheCopy = &_codeMemory;
    #####:  328:            blockSize = codeCacheBytes / blockCount;
    $$$$$:  328-block  0
        -:  329:        }
        -:  330:        
        -:  331:
    #####:  332:        for (int i = 0; i < blockCount; i++) {
    $$$$$:  332-block  0
    $$$$$:  332-block  1
    $$$$$:  332-block  2
    #####:  333:            if (!(*temporalCacheCopy)[i][(key % blockSize) / lineSizeBytes].validityBit && ifAllMarked(*temporalCacheCopy, (key % blockSize) / lineSizeBytes)) {
    $$$$$:  333-block  0
    $$$$$:  333-block  1
    $$$$$:  333-block  2
    $$$$$:  333-block  3
    $$$$$:  333-block  4
    #####:  334:                return pair<Word, Word>(i, (key % blockSize) / lineSizeBytes);
    $$$$$:  334-block  0
        -:  335:            }
        -:  336:        }
        -:  337:
    #####:  338:        Word minEntryValue = (*temporalCacheCopy)[0][(key % blockSize) / lineSizeBytes].lastUsage;
    $$$$$:  338-block  0
    #####:  339:        Word entryIdentification = 0;
    #####:  340:        for (int i = 0; i < blockCount; i++)
    $$$$$:  340-block  0
    $$$$$:  340-block  1
        -:  341:        {
    #####:  342:            if ((*temporalCacheCopy)[i][(key % blockSize) / lineSizeBytes].lastUsage < minEntryValue)
    $$$$$:  342-block  0
        -:  343:            {
    #####:  344:                minEntryValue = (*temporalCacheCopy)[i][(key % blockSize) / lineSizeBytes].lastUsage;
    $$$$$:  344-block  0
    #####:  345:                entryIdentification = i;
        -:  346:            }
        -:  347:        }
        -:  348:
    #####:  349:        changeLRUBit(*temporalCacheCopy, entryIdentification, (key % blockSize) / lineSizeBytes);
    $$$$$:  349-block  0
        -:  350:
    #####:  351:        return pair<Word, Word>(entryIdentification, (key % blockSize) / lineSizeBytes);
    $$$$$:  351-block  0
        -:  352:    }
        -:  353:
        -:  354:
    #####:  355:    pair<Word, Word> findEntry(int requestedId, bool dataOrCode) {
    $$$$$:  355-block  0
    #####:  356:        vector<Block> temporalCacheCopy;
    $$$$$:  356-block  0
    $$$$$:  356-block  1
    $$$$$:  356-block  2
    %%%%%:  356-block  3
    #####:  357:        int blockSize = 0;
    #####:  358:        if (dataOrCode) {
    #####:  359:            temporalCacheCopy = _dataMemory;
    $$$$$:  359-block  0
    #####:  360:            blockSize = dataCacheBytes / blockCount;
    $$$$$:  360-block  0
        -:  361:        }
        -:  362:        else {
    #####:  363:            temporalCacheCopy = _codeMemory;
    $$$$$:  363-block  0
    #####:  364:            blockSize = codeCacheBytes / blockCount;
    $$$$$:  364-block  0
        -:  365:        }
        -:  366:
    #####:  367:        for (int i = 0; i < blockCount; i++)
    $$$$$:  367-block  0
    $$$$$:  367-block  1
    $$$$$:  367-block  2
        -:  368:        {
    #####:  369:            if (temporalCacheCopy[i][(requestedId % blockSize) / lineSizeBytes].address == requestedId)
    $$$$$:  369-block  0
    #####:  370:                return pair<Word, Word> (i, (requestedId % blockSize) / lineSizeBytes);
    $$$$$:  370-block  0
        -:  371:        }
    #####:  372:        return pair<Word, Word> (0, 0);
    $$$$$:  372-block  0
        -:  373:    }
        -:  374:
        -:  375:    void Request(Word ip)
        -:  376:    {
        -:  377:        if (ip != _memoryRequestIp) {
        -:  378:            _memoryRequestIp = ip;
        -:  379:            Word lineAddr = ToLineAddr(_memoryRequestIp);
        -:  380:            Word offset = ToLineOffset(_memoryRequestIp);
        -:  381:
        -:  382:            if (checkAddress(false, lineAddr)) {
        -:  383:                _waitCycles = codeLatency;
        -:  384:                _cacheMiss = false;
        -:  385:            }
        -:  386:            else {
        -:  387:                _cacheMiss = true;
        -:  388:                _waitCycles = failLatency;
        -:  389:            }
        -:  390:            _requestedIp = lineAddr;
        -:  391:            _requestedOffset = offset;
        -:  392:        }
        -:  393:    }
        -:  394:
        5:  395:    std::optional<Word> Response(Word responseTime)
        5:  395-block  0
        -:  396:    {
        5:  397:        if (_waitCycles > 0)
        5:  397-block  0
        1:  398:            return std::optional<Word>();
        1:  398-block  0
        -:  399:
        4:  400:        if (_cacheMiss)
        4:  400-block  0
        -:  401:        {
        2:  402:            Line memoryLine = _mem.readLineFromMemory(_requestedIp);
        2:  402-block  0
        -:  403:
        2:  404:            pair<Word, Word> latestUsage = pseudoLRUFinding(false, _requestedIp);
        2:  405:            Word blockId = latestUsage.first;
        2:  406:            Word cellId = latestUsage.second;
        -:  407:
        2:  408:            if (_codeMemory[blockId][cellId].address != 0)
        2:  408-block  0
        -:  409:            {
        1:  410:                _mem.writeLineToMemory(_codeMemory[blockId][cellId].dataLine,
        1:  411:                                       _codeMemory[blockId][cellId].address);
        1:  411-block  0
        -:  412:            }
        -:  413:
        2:  414:            _codeMemory[blockId][cellId] = CacheCell {_requestedIp, memoryLine, 1, true};
        2:  414-block  0
        -:  415:
        2:  416:            return memoryLine[_requestedOffset];
        2:  416-block  0
        2:  416-block  1
        -:  417:
        -:  418:        } else {
        2:  419:            pair<Word, Word> position = findEntry(_requestedIp, false);
        2:  419-block  0
        2:  420:            _codeMemory[position.first][position.second].lastUsage = 1;
        2:  420-block  0
        2:  421:            changeLRUBit(_codeMemory, position.first, position.second);
        5:  422:            return _codeMemory[position.first][position.second].dataLine[_requestedOffset];
        2:  422-block  0
        2:  422-block  1
        5:  422-block  2
    %%%%%:  422-block  3
        -:  423:        }
        -:  424:    }
        -:  425:
        -:  426:    void Request(Word _addr, IType _type)
        -:  427:    {
        -:  428:        if (_type != IType::Ld && _type != IType::St)
        -:  429:            return;
        -:  430:
        -:  431:        Word lineAddr = ToLineAddr(_addr);
        -:  432:        Word offset = ToLineOffset(_addr);
        -:  433:
        -:  434:        if (checkAddress(true, lineAddr)) {
        -:  435:            _waitCycles = dataLatency;
        -:  436:            _cacheMiss = false;
        -:  437:        } else {
        -:  438:            _cacheMiss = true;
        -:  439:            _waitCycles = failLatency;
        -:  440:            pair<Word, Word> latestUsage = pseudoLRUFinding(true, _requestedIp);
        -:  441:            if (_type == IType::St && ((_dataMemory[latestUsage.first][latestUsage.second].address != 0) && !_dataMemory[latestUsage.first][latestUsage.second].validityBit))
        -:  442:                _waitCycles += 120;
        -:  443:        }
        -:  444:        _requestedIp = lineAddr;
        -:  445:        _requestedOffset = offset;
        -:  446:    }
        -:  447:
        -:  448:    bool Response(Word _addr, Word &_data, IType _type, Word responseTime)
        -:  449:    {
        -:  450:        if (_type != IType::Ld && _type != IType::St)
        -:  451:            return true;
        -:  452:
        -:  453:        if (_waitCycles != 0)
        -:  454:            return false;
        -:  455:
        -:  456:        if (_cacheMiss)
        -:  457:        {
        -:  458:            Line memoryLine = _mem.readLineFromMemory(_requestedIp);
        -:  459:
        -:  460:            bool validity = true;
        -:  461:            if (_type == IType::St) {
        -:  462:                memoryLine[ToLineOffset(_addr)] = _data;
        -:  463:                validity = false;
        -:  464:            }
        -:  465:
        -:  466:            pair<Word, Word> latestUsage = pseudoLRUFinding(true, _requestedIp);
        -:  467:            Word blockId = latestUsage.first;
        -:  468:            Word cellId = latestUsage.second;
        -:  469:
        -:  470:            if (_dataMemory[blockId][cellId].address != 0 && !_dataMemory[blockId][cellId].validityBit)
        -:  471:            {
        -:  472:                _mem.writeLineToMemory(_dataMemory[blockId][cellId].dataLine, _dataMemory[blockId][cellId].address);
        -:  473:            }
        -:  474:
        -:  475:            _dataMemory[blockId][cellId] = CacheCell {_requestedIp, memoryLine, 1, validity};
        -:  476:
        -:  477:            if (_type == IType::Ld)
        -:  478:                _data = memoryLine[_requestedOffset];
        -:  479:        }
        -:  480:        else
        -:  481:        {
        -:  482:            pair<Word, Word> position = findEntry(_requestedIp, true);
        -:  483:            _dataMemory[position.first][position.second].lastUsage = 1;
        -:  484:            changeLRUBit(_dataMemory, position.first, position.second);
        -:  485:
        -:  486:            if (_type == IType::Ld)
        -:  487:                _data = _dataMemory[position.first][position.second].dataLine[_requestedOffset];
        -:  488:            else if (_type == IType::St) {
        -:  489:                _dataMemory[position.first][position.second].dataLine[_requestedOffset] = _data;
        -:  490:                _dataMemory[position.first][position.second].validityBit = false;
        -:  491:            }
        -:  492:        }
        -:  493:
        -:  494:        return true;
        -:  495:    }
        -:  496:
    #####:  497:    void initializeCache()
    $$$$$:  497-block  0
        -:  498:    {
    #####:  499:        for (int i = 0; i < blockCount; ++i) {
    $$$$$:  499-block  0
    $$$$$:  499-block  1
    #####:  500:            _codeMemory[i] = vector<CacheCell>(codeCacheBytes / lineSizeBytes / blockCount);
    $$$$$:  500-block  0
    $$$$$:  500-block  1
    %%%%%:  500-block  2
    %%%%%:  500-block  3
    #####:  501:            _dataMemory[i] = vector<CacheCell>(dataCacheBytes / lineSizeBytes / blockCount);
    $$$$$:  501-block  0
    %%%%%:  501-block  1
        -:  502:        }
    #####:  503:    }
    $$$$$:  503-block  0
        -:  504:
        -:  505:    void Clock()
        -:  506:    {
        -:  507:        if (_waitCycles > 0)
        -:  508:            --_waitCycles;
        -:  509:    }
        -:  510:
        -:  511:    size_t getWaitCycles()
        -:  512:    {
        -:  513:        return _waitCycles;
        -:  514:    }
        -:  515:
        -:  516:    static const size_t getFailLatency() {
        -:  517:        return failLatency;
        -:  518:    }
        -:  519:
        -:  520:    static const size_t getCodeLatency() {
        -:  521:        return codeLatency;
        -:  522:    }
        -:  523:
        -:  524:    static const size_t getDataLatency() {
        -:  525:        return dataLatency;
        -:  526:    }
        -:  527:
        3:  528:    void setWaitCycles(size_t waitCycles) {
        3:  528-block  0
        3:  529:        _waitCycles = waitCycles;
        3:  530:    }
        -:  531:
        -:  532:    bool isCacheMiss() const {
        -:  533:        return _cacheMiss;
        -:  534:    }
        -:  535:
    #####:  536:    vector<Block> &getCodeMemory() {
    $$$$$:  536-block  0
    #####:  537:        return _codeMemory;
    $$$$$:  537-block  0
        -:  538:    }
        -:  539:
        -:  540:    vector<Block> &getDataMemory(){
        -:  541:        return _dataMemory;
        -:  542:    }
        -:  543:
        -:  544:    Word getMemoryRequestIp() const {
        -:  545:        return _memoryRequestIp;
        -:  546:    }
        -:  547:
        -:  548:    Word getRequestedIp() const {
        -:  549:        return _requestedIp;
        -:  550:    }
        -:  551:
        -:  552:    Word getRequestedOffset() const {
        -:  553:        return _requestedOffset;
        -:  554:    }
        -:  555:
        -:  556:    void setMemoryRequestIp(Word memoryRequestIp) {
        -:  557:        _memoryRequestIp = memoryRequestIp;
        -:  558:    }
        -:  559:
        8:  560:    void setCacheMiss(bool cacheMiss) {
        8:  560-block  0
        8:  561:        _cacheMiss = cacheMiss;
        8:  562:    }
        -:  563:
        2:  564:    UncachedMem &getMem() const {
        2:  564-block  0
        2:  565:        return _mem;
        2:  565-block  0
        -:  566:    }
        -:  567:
        8:  568:    void setRequestedIp(Word requestedIp) {
        8:  568-block  0
        8:  569:        _requestedIp = requestedIp;
        8:  570:    }
        -:  571:
        8:  572:    void setRequestedOffset(Word requestedOffset) {
        8:  572-block  0
        8:  573:        _requestedOffset = requestedOffset;
        8:  574:    }
        -:  575:
        -:  576:private:
        -:  577:    static constexpr size_t failLatency = 152;
        -:  578:    static constexpr size_t codeLatency = 1;
        -:  579:    static constexpr size_t dataLatency = 3;
        -:  580:
        -:  581:    Word _memoryRequestIp = 0;
        -:  582:    Word _requestedIp = 0;
        -:  583:    Word _requestedOffset = 0;
        -:  584:    size_t _waitCycles = 0;
        -:  585:    bool _cacheMiss = false;
        -:  586:
        -:  587:    vector<Block> _codeMemory = vector<Block>(blockCount);
        -:  588:    vector<Block> _dataMemory = vector<Block>(blockCount);
        -:  589:    UncachedMem& _mem;
        -:  590:};
        -:  591:
        -:  592:#endif //RISCV_SIM_DATAMEMORY_H
