        -:    0:Source:/home/shevchenya/CLionProjects/CourseWorkCache/src/Memory.h
        -:    0:Graph:/home/shevchenya/CLionProjects/CourseWorkCache/cmake-build-debug/google_tests/CMakeFiles/google_tests_run.dir/cache_data_response_tests.cpp.gcno
        -:    0:Data:/home/shevchenya/CLionProjects/CourseWorkCache/cmake-build-debug/google_tests/CMakeFiles/google_tests_run.dir/cache_data_response_tests.cpp.gcda
        -:    0:Runs:1
        -:    0:Programs:1
        -:    1:#ifndef RISCV_SIM_DATAMEMORY_H
        -:    2:#define RISCV_SIM_DATAMEMORY_H
        -:    3:
        -:    4:#include "Instruction.h"
        -:    5:#include <iostream>
        -:    6:#include <algorithm>
        -:    7:#include <fstream>
        -:    8:#include <elf.h>
        -:    9:#include <cstring>
        -:   10:#include <vector>
        -:   11:#include <cassert>
        -:   12:#include <map>
        -:   13:#include <unordered_map>
        -:   14:
        -:   15:using namespace std;
        -:   16:
        -:   17:
        -:   18:static constexpr size_t blockCount = 4;
        -:   19:static constexpr size_t memSize = 1024*1024; // memory size in 4-byte words
        -:   20:static constexpr size_t lineSizeBytes = 128;
        -:   21:static constexpr size_t lineSizeWords = lineSizeBytes / sizeof(Word);
        -:   22:static constexpr size_t dataCacheBytes = 4096;
        -:   23:static constexpr size_t codeCacheBytes = 1024;
        -:   24:
        -:   25:
        -:   26:using Line = std::array<Word, lineSizeWords>;
        -:   27:struct CacheCell {
        -:   28:    Word address;
        -:   29:    Line dataLine;
        -:   30:    Word lastUsage;
        -:   31:    bool validityBit;
        -:   32:};
        -:   33:
        -:   34:using Block = vector<CacheCell>;
        -:   35:
       24:   36:static Word ToWordAddr(Word ip) { return ip >> 2u; }
       12:   36-block  0
       12:   36-block  1
       18:   37:static Word ToLineAddr(Word ip) { return ip & ~(lineSizeBytes - 1); }
        9:   37-block  0
        9:   37-block  1
       24:   38:static Word ToLineOffset(Word ip) { return ToWordAddr(ip) & (lineSizeWords - 1); }
       12:   38-block  0
       12:   38-block  1
        -:   39:
    #####:   40:class MemoryStorage {
    $$$$$:   40-block  0
    $$$$$:   40-block  1
        -:   41:public:
        -:   42:
    #####:   43:    MemoryStorage()
    $$$$$:   43-block  0
    #####:   44:    {
    $$$$$:   44-block  0
    %%%%%:   44-block  1
    #####:   45:        _mem.resize(memSize);
    #####:   46:    }
    $$$$$:   46-block  0
        -:   47:
    #####:   48:    bool LoadElf(const std::string &elf_filename) {
    $$$$$:   48-block  0
    #####:   49:        std::ifstream elffile;
    $$$$$:   49-block  0
    $$$$$:   49-block  1
    $$$$$:   49-block  2
    %%%%%:   49-block  3
    %%%%%:   49-block  4
    #####:   50:        elffile.open(elf_filename, std::ios::in | std::ios::binary);
    $$$$$:   50-block  0
        -:   51:
    #####:   52:        if (!elffile.is_open()) {
    $$$$$:   52-block  0
    $$$$$:   52-block  1
    #####:   53:            std::cerr << "ERROR: load_elf: failed opening file \"" << elf_filename << "\"" << std::endl;
    $$$$$:   53-block  0
    $$$$$:   53-block  1
    $$$$$:   53-block  2
    $$$$$:   53-block  3
    #####:   54:            return false;
    $$$$$:   54-block  0
        -:   55:        }
        -:   56:
    #####:   57:        elffile.seekg(0, elffile.end);
    $$$$$:   57-block  0
    #####:   58:        size_t buf_sz = elffile.tellg();
    $$$$$:   58-block  0
    $$$$$:   58-block  1
    #####:   59:        elffile.seekg(0, elffile.beg);
        -:   60:
        -:   61:        // Read the entire file. If it doesn't fit in host memory, it won't fit in the risc-v processor
    #####:   62:        std::vector<char> buf(buf_sz);
    $$$$$:   62-block  0
    $$$$$:   62-block  1
    $$$$$:   62-block  2
    %%%%%:   62-block  3
    %%%%%:   62-block  4
    #####:   63:        elffile.read(buf.data(), buf_sz);
        -:   64:
    #####:   65:        if (!elffile) {
    $$$$$:   65-block  0
    $$$$$:   65-block  1
    #####:   66:            std::cerr << "ERROR: load_elf: failed reading elf header" << std::endl;
    $$$$$:   66-block  0
    $$$$$:   66-block  1
    #####:   67:            return false;
    $$$$$:   67-block  0
        -:   68:        }
        -:   69:
    #####:   70:        if (buf_sz < sizeof(Elf32_Ehdr)) {
    $$$$$:   70-block  0
    #####:   71:            std::cerr << "ERROR: load_elf: file too small to be a valid elf file" << std::endl;
    $$$$$:   71-block  0
    $$$$$:   71-block  1
    #####:   72:            return false;
    $$$$$:   72-block  0
        -:   73:        }
        -:   74:
        -:   75:        // make sure the header matches elf32 or elf64
    #####:   76:        Elf32_Ehdr *ehdr = (Elf32_Ehdr *) buf.data();
    $$$$$:   76-block  0
    #####:   77:        unsigned char* e_ident = ehdr->e_ident;
    #####:   78:        if (e_ident[EI_MAG0] != ELFMAG0
    #####:   79:            || e_ident[EI_MAG1] != ELFMAG1
    $$$$$:   79-block  0
    #####:   80:            || e_ident[EI_MAG2] != ELFMAG2
    $$$$$:   80-block  0
    #####:   81:            || e_ident[EI_MAG3] != ELFMAG3) {
    $$$$$:   81-block  0
    #####:   82:            std::cerr << "ERROR: load_elf: file is not an elf file" << std::endl;
    $$$$$:   82-block  0
    $$$$$:   82-block  1
    #####:   83:            return false;
    $$$$$:   83-block  0
        -:   84:        }
        -:   85:
    #####:   86:        if (e_ident[EI_CLASS] == ELFCLASS32) {
    $$$$$:   86-block  0
        -:   87:            // 32-bit ELF
    #####:   88:            return this->LoadElfSpecific<Elf32_Ehdr, Elf32_Phdr>(buf.data(), buf_sz);
    $$$$$:   88-block  0
    $$$$$:   88-block  1
    #####:   89:        } else if (e_ident[EI_CLASS] == ELFCLASS64) {
    $$$$$:   89-block  0
        -:   90:            // 64-bit ELF
    #####:   91:            return this->LoadElfSpecific<Elf64_Ehdr, Elf64_Phdr>(buf.data(), buf_sz);
    $$$$$:   91-block  0
    $$$$$:   91-block  1
        -:   92:        } else {
    #####:   93:            std::cerr << "ERROR: load_elf: file is neither 32-bit nor 64-bit" << std::endl;
    $$$$$:   93-block  0
    $$$$$:   93-block  1
    #####:   94:            return false;
    $$$$$:   94-block  0
        -:   95:        }
        -:   96:    }
        -:   97:
    #####:   98:    Word Read(Word ip)
    $$$$$:   98-block  0
        -:   99:    {
    #####:  100:        return _mem[ToWordAddr(ip)];
    $$$$$:  100-block  0
        -:  101:    }
        -:  102:
    #####:  103:    void Write(Word ip, Word data)
    $$$$$:  103-block  0
        -:  104:    {
    #####:  105:        _mem[ToWordAddr(ip)] = data;
    $$$$$:  105-block  0
    #####:  106:    }
        -:  107:
        -:  108:private:
        -:  109:    template <typename Elf_Ehdr, typename Elf_Phdr>
    #####:  110:    bool LoadElfSpecific(char *buf, size_t buf_sz) {
    $$$$$:  110-block  0
    $$$$$:  110-block  1
        -:  111:        // 64-bit ELF
    #####:  112:        Elf_Ehdr *ehdr = (Elf_Ehdr*) buf;
    #####:  113:        Elf_Phdr *phdr = (Elf_Phdr*) (buf + ehdr->e_phoff);
    #####:  114:        if (buf_sz < ehdr->e_phoff + ehdr->e_phnum * sizeof(Elf_Phdr)) {
    $$$$$:  114-block  0
    $$$$$:  114-block  1
    #####:  115:            std::cerr << "ERROR: load_elf: file too small for expected number of program header tables" << std::endl;
    $$$$$:  115-block  0
    $$$$$:  115-block  1
    #####:  116:            return false;
        -:  117:        }
    #####:  118:        auto memptr = reinterpret_cast<char*>(_mem.data());
    $$$$$:  118-block  0
    $$$$$:  118-block  1
        -:  119:        // loop through program header tables
    #####:  120:        for (int i = 0 ; i < ehdr->e_phnum ; i++) {
    $$$$$:  120-block  0
    $$$$$:  120-block  1
    $$$$$:  120-block  2
    $$$$$:  120-block  3
    #####:  121:            if ((phdr[i].p_type == PT_LOAD) && (phdr[i].p_memsz > 0)) {
    $$$$$:  121-block  0
    $$$$$:  121-block  1
    $$$$$:  121-block  2
    $$$$$:  121-block  3
    #####:  122:                if (phdr[i].p_memsz < phdr[i].p_filesz) {
    $$$$$:  122-block  0
    $$$$$:  122-block  1
    #####:  123:                    std::cerr << "ERROR: load_elf: file size is larger than memory size" << std::endl;
    $$$$$:  123-block  0
    $$$$$:  123-block  1
    #####:  124:                    return false;
        -:  125:                }
    #####:  126:                if (phdr[i].p_filesz > 0) {
    $$$$$:  126-block  0
    $$$$$:  126-block  1
    #####:  127:                    if (phdr[i].p_offset + phdr[i].p_filesz > buf_sz) {
    $$$$$:  127-block  0
    $$$$$:  127-block  1
    #####:  128:                        std::cerr << "ERROR: load_elf: file section overflow" << std::endl;
    $$$$$:  128-block  0
    $$$$$:  128-block  1
    #####:  129:                        return false;
        -:  130:                    }
        -:  131:
        -:  132:                    // start of file section: buf + phdr[i].p_offset
        -:  133:                    // end of file section: buf + phdr[i].p_offset + phdr[i].p_filesz
        -:  134:                    // start of memory: phdr[i].p_paddr
    #####:  135:                    std::memcpy(memptr + phdr[i].p_paddr, buf + phdr[i].p_offset, phdr[i].p_filesz);
    $$$$$:  135-block  0
    $$$$$:  135-block  1
        -:  136:                }
    #####:  137:                if (phdr[i].p_memsz > phdr[i].p_filesz) {
    $$$$$:  137-block  0
    $$$$$:  137-block  1
        -:  138:                    // copy 0's to fill up remaining memory
    #####:  139:                    size_t zeros_sz = phdr[i].p_memsz - phdr[i].p_filesz;
    #####:  140:                    std::memset(memptr + phdr[i].p_paddr + phdr[i].p_filesz, 0, zeros_sz);
    $$$$$:  140-block  0
    $$$$$:  140-block  1
    $$$$$:  140-block  2
    $$$$$:  140-block  3
        -:  141:                }
        -:  142:            }
        -:  143:        }
    #####:  144:        return true;
    $$$$$:  144-block  0
    $$$$$:  144-block  1
        -:  145:    }
        -:  146:
        -:  147:    std::vector<Word> _mem;
        -:  148:};
        -:  149:
        -:  150:class IMem
        -:  151:{
        -:  152:public:
    #####:  153:    IMem() = default;
    $$$$$:  153-block  0
    #####:  154:    virtual ~IMem() = default;
    $$$$$:  154-block  0
    $$$$$:  154-block  1
    $$$$$:  154-block  2
        -:  155:    IMem(const IMem &) = delete;
        -:  156:    IMem(IMem &&) = delete;
        -:  157:
        -:  158:    IMem& operator=(const IMem&) = delete;
        -:  159:    IMem& operator=(IMem&&) = delete;
        -:  160:
        -:  161:    virtual void Request(Word ip) = 0;
        -:  162:    virtual std::optional<Word> Response() = 0;
        -:  163:    virtual void Request(InstructionPtr &instr) = 0;
        -:  164:    virtual bool Response(InstructionPtr &instr) = 0;
        -:  165:    virtual void Clock() = 0;
        -:  166:    virtual size_t getWaitCycles() = 0;
        -:  167:};
        -:  168:
    #####:  169:class UncachedMem : public IMem
    $$$$$:  169-block  0
    $$$$$:  169-block  1
    $$$$$:  169-block  2
    $$$$$:  169-block  3
        -:  170:{
        -:  171:public:
    #####:  172:    explicit UncachedMem(MemoryStorage& amem)
    $$$$$:  172-block  0
    #####:  173:            : _mem(amem)
    $$$$$:  173-block  0
        -:  174:    {
        -:  175:
    #####:  176:    }
        -:  177:
        -:  178:
    #####:  179:    void Request(Word ip) override
    $$$$$:  179-block  0
        -:  180:    {
    #####:  181:        _requestedIp = ip;
    #####:  182:        _waitCycles = latency;
    #####:  183:    }
        -:  184:
    #####:  185:    std::optional<Word> Response() override
    $$$$$:  185-block  0
        -:  186:    {
    #####:  187:        if (_waitCycles > 0)
    $$$$$:  187-block  0
    #####:  188:            return std::optional<Word>();
    $$$$$:  188-block  0
    #####:  189:        return _mem.Read(_requestedIp);
    $$$$$:  189-block  0
    $$$$$:  189-block  1
    $$$$$:  189-block  2
    $$$$$:  189-block  3
        -:  190:    }
        -:  191:
    #####:  192:    void Request(InstructionPtr &instr) override
    $$$$$:  192-block  0
        -:  193:    {
    #####:  194:        if (instr->_type != IType::Ld && instr->_type != IType::St)
    $$$$$:  194-block  0
    $$$$$:  194-block  1
    $$$$$:  194-block  2
    $$$$$:  194-block  3
    $$$$$:  194-block  4
    #####:  195:            return;
    $$$$$:  195-block  0
        -:  196:
    #####:  197:        Request(instr->_addr);
    $$$$$:  197-block  0
        -:  198:    }
        -:  199:
    #####:  200:    bool Response(InstructionPtr &instr) override
    $$$$$:  200-block  0
        -:  201:    {
    #####:  202:        if (instr->_type != IType::Ld && instr->_type != IType::St)
    $$$$$:  202-block  0
    $$$$$:  202-block  1
    $$$$$:  202-block  2
    $$$$$:  202-block  3
    $$$$$:  202-block  4
    #####:  203:            return true;
    $$$$$:  203-block  0
        -:  204:
    #####:  205:        if (_waitCycles != 0)
    $$$$$:  205-block  0
    #####:  206:            return false;
    $$$$$:  206-block  0
        -:  207:
    #####:  208:        if (instr->_type == IType::Ld)
    $$$$$:  208-block  0
    #####:  209:            instr->_data = _mem.Read(instr->_addr);
    $$$$$:  209-block  0
    #####:  210:        else if (instr->_type == IType::St)
    $$$$$:  210-block  0
    #####:  211:            _mem.Write(instr->_addr, instr->_data);
    $$$$$:  211-block  0
        -:  212:
    #####:  213:        return true;
    $$$$$:  213-block  0
        -:  214:    }
        -:  215:
    #####:  216:    Line readLineFromMemory(Word ip)
    $$$$$:  216-block  0
        -:  217:    {
    #####:  218:        Line memoryLine = { 0 };
    #####:  219:        for (int i = 0; i < lineSizeWords; ++i) {
    $$$$$:  219-block  0
    $$$$$:  219-block  1
    #####:  220:            memoryLine[i] = _mem.Read(ip + 4 * i);
    $$$$$:  220-block  0
        -:  221:        }
        -:  222:
    #####:  223:        return memoryLine;
    $$$$$:  223-block  0
        -:  224:    }
        -:  225:
    #####:  226:    void writeLineToMemory(Line memoryLine, Word lineAddr)
    $$$$$:  226-block  0
        -:  227:    {
    #####:  228:        for (int i = 0; i < lineSizeWords; ++i) {
    $$$$$:  228-block  0
    $$$$$:  228-block  1
    #####:  229:            _mem.Write(lineAddr + 4 * i, memoryLine[i]);
    $$$$$:  229-block  0
        -:  230:        }
    #####:  231:    }
        -:  232:
    #####:  233:    void Clock() override
    $$$$$:  233-block  0
        -:  234:    {
    #####:  235:        if (_waitCycles > 0)
    $$$$$:  235-block  0
    #####:  236:            --_waitCycles;
    $$$$$:  236-block  0
    #####:  237:    }
        -:  238:
    #####:  239:    size_t getWaitCycles() override
    $$$$$:  239-block  0
        -:  240:    {
    #####:  241:        return _waitCycles;
    $$$$$:  241-block  0
        -:  242:    }
        -:  243:
        -:  244:
        -:  245:private:
        -:  246:    static constexpr size_t latency = 120;
        -:  247:    Word _requestedIp = 0;
        -:  248:    size_t _waitCycles = 0;
        -:  249:    MemoryStorage& _mem;
        -:  250:};
        -:  251:
    #####:  252:class CachedMem
    $$$$$:  252-block  0
    $$$$$:  252-block  1
    $$$$$:  252-block  2
    $$$$$:  252-block  3
    $$$$$:  252-block  4
    %%%%%:  252-block  5
        -:  253:{
        -:  254:public:
    #####:  255:    explicit CachedMem(UncachedMem& uncachedMem): _mem(uncachedMem) {
    $$$$$:  255-block  0
    $$$$$:  255-block  1
    $$$$$:  255-block  2
    $$$$$:  255-block  3
    %%%%%:  255-block  4
    %%%%%:  255-block  5
    %%%%%:  255-block  6
    %%%%%:  255-block  7
    %%%%%:  255-block  8
    %%%%%:  255-block  9
    #####:  256:        initializeCache();
    #####:  257:    }
    $$$$$:  257-block  0
        -:  258:
        -:  259:    bool checkAddress(bool dataOrCode, int address)
        -:  260:    {
        -:  261:        vector<Block> temporalCacheCopy;
        -:  262:        int blockSize = 0;
        -:  263:        if (dataOrCode) {
        -:  264:            temporalCacheCopy = _dataMemory;
        -:  265:            blockSize = dataCacheBytes / blockCount;
        -:  266:        }
        -:  267:        else {
        -:  268:            temporalCacheCopy = _codeMemory;
        -:  269:            blockSize = codeCacheBytes / blockCount;
        -:  270:        }
        -:  271:
        -:  272:        for (Block block : temporalCacheCopy)
        -:  273:        {
        -:  274:            if (block[(address % blockSize) / lineSizeBytes].address == address)
        -:  275:                return true;
        -:  276:        }
        -:  277:        return false;
        -:  278:    }
        -:  279:
        -:  280:
    #####:  281:    static bool checkAllBits(vector<Block> &cache, Word key, unsigned long indexing)
    $$$$$:  281-block  0
        -:  282:    {
    #####:  283:        for (int i = 0; i < blockCount; i++)
    $$$$$:  283-block  0
    $$$$$:  283-block  1
    $$$$$:  283-block  2
        -:  284:        {
    #####:  285:            if (i != key && cache[i][indexing].lastUsage == 0)
    $$$$$:  285-block  0
    $$$$$:  285-block  1
    $$$$$:  285-block  2
    $$$$$:  285-block  3
    $$$$$:  285-block  4
        -:  286:            {
    #####:  287:                return false;
    $$$$$:  287-block  0
        -:  288:            }
        -:  289:        }
    #####:  290:        return true;
    $$$$$:  290-block  0
        -:  291:    }
        -:  292:
    #####:  293:    static void changeLRUBit(vector<Block> &cache, Word key, unsigned long indexing)
    $$$$$:  293-block  0
        -:  294:    {
    #####:  295:        if (checkAllBits(cache, key, indexing))
    $$$$$:  295-block  0
        -:  296:        {
    #####:  297:            for (int j = 0; j < blockCount; j++)
    $$$$$:  297-block  0
    $$$$$:  297-block  1
    $$$$$:  297-block  2
    $$$$$:  297-block  3
        -:  298:            {
    #####:  299:                if (key != j)
    $$$$$:  299-block  0
    #####:  300:                    cache[j][indexing].lastUsage = 0;
    $$$$$:  300-block  0
        -:  301:            }
        -:  302:        }
    #####:  303:    }
        -:  304:
    #####:  305:    static bool ifAllMarked(vector<Block> &cache, unsigned long indexing)
    $$$$$:  305-block  0
        -:  306:    {
    #####:  307:        for (int i = 0; i < blockCount; i++)
    $$$$$:  307-block  0
    $$$$$:  307-block  1
    $$$$$:  307-block  2
        -:  308:        {
    #####:  309:            if (cache[i][indexing].address == 0)
    $$$$$:  309-block  0
        -:  310:            {
    #####:  311:                return false;
    $$$$$:  311-block  0
        -:  312:            }
        -:  313:        }
    #####:  314:        return true;
    $$$$$:  314-block  0
        -:  315:    }
        -:  316:    
    #####:  317:    pair<Word, Word> pseudoLRUFinding(bool dataOrCode, int key)
    $$$$$:  317-block  0
        -:  318:    {
        -:  319:        vector<Block> *temporalCacheCopy;
    #####:  320:        int blockSize = 0;
    #####:  321:        if (dataOrCode) {
    $$$$$:  321-block  0
    #####:  322:            temporalCacheCopy = &_dataMemory;
    #####:  323:            blockSize = dataCacheBytes / blockCount;
    $$$$$:  323-block  0
        -:  324:        }
        -:  325:        else {
    #####:  326:            temporalCacheCopy = &_codeMemory;
    #####:  327:            blockSize = codeCacheBytes / blockCount;
    $$$$$:  327-block  0
        -:  328:        }
        -:  329:        
        -:  330:
    #####:  331:        for (int i = 0; i < blockCount; i++) {
    $$$$$:  331-block  0
    $$$$$:  331-block  1
    $$$$$:  331-block  2
    #####:  332:            if (!(*temporalCacheCopy)[i][(key % blockSize) / lineSizeBytes].validityBit && ifAllMarked(*temporalCacheCopy, (key % blockSize) / lineSizeBytes)) {
    $$$$$:  332-block  0
    $$$$$:  332-block  1
    $$$$$:  332-block  2
    $$$$$:  332-block  3
    $$$$$:  332-block  4
    #####:  333:                return pair<Word, Word>(i, (key % blockSize) / lineSizeBytes);
    $$$$$:  333-block  0
        -:  334:            }
        -:  335:        }
        -:  336:
    #####:  337:        Word minEntryValue = (*temporalCacheCopy)[0][(key % blockSize) / lineSizeBytes].lastUsage;
    $$$$$:  337-block  0
    #####:  338:        Word entryIdentification = 0;
    #####:  339:        for (int i = 0; i < blockCount; i++)
    $$$$$:  339-block  0
    $$$$$:  339-block  1
        -:  340:        {
    #####:  341:            if ((*temporalCacheCopy)[i][(key % blockSize) / lineSizeBytes].lastUsage < minEntryValue)
    $$$$$:  341-block  0
        -:  342:            {
    #####:  343:                minEntryValue = (*temporalCacheCopy)[i][(key % blockSize) / lineSizeBytes].lastUsage;
    $$$$$:  343-block  0
    #####:  344:                entryIdentification = i;
        -:  345:            }
        -:  346:        }
        -:  347:
    #####:  348:        return pair<Word, Word>(entryIdentification, (key % blockSize) / lineSizeBytes);
    $$$$$:  348-block  0
    $$$$$:  348-block  1
        -:  349:    }
        -:  350:
        -:  351:
    #####:  352:    pair<Word, Word> findEntry(int requestedId, bool dataOrCode) {
    $$$$$:  352-block  0
    #####:  353:        vector<Block> temporalCacheCopy;
    $$$$$:  353-block  0
    $$$$$:  353-block  1
    $$$$$:  353-block  2
    %%%%%:  353-block  3
    #####:  354:        int blockSize = 0;
    #####:  355:        if (dataOrCode) {
    #####:  356:            temporalCacheCopy = _dataMemory;
    $$$$$:  356-block  0
    #####:  357:            blockSize = dataCacheBytes / blockCount;
    $$$$$:  357-block  0
        -:  358:        }
        -:  359:        else {
    #####:  360:            temporalCacheCopy = _codeMemory;
    $$$$$:  360-block  0
    #####:  361:            blockSize = codeCacheBytes / blockCount;
    $$$$$:  361-block  0
        -:  362:        }
        -:  363:
    #####:  364:        for (int i = 0; i < blockCount; i++)
    $$$$$:  364-block  0
    $$$$$:  364-block  1
    $$$$$:  364-block  2
        -:  365:        {
    #####:  366:            if (temporalCacheCopy[i][(requestedId % blockSize) / lineSizeBytes].address == requestedId)
    $$$$$:  366-block  0
    #####:  367:                return pair<Word, Word> (i, (requestedId % blockSize) / lineSizeBytes);
    $$$$$:  367-block  0
        -:  368:        }
    #####:  369:        return pair<Word, Word> (0, 0);
    $$$$$:  369-block  0
        -:  370:    }
        -:  371:
        -:  372:    void Request(Word ip)
        -:  373:    {
        -:  374:        if (ip != _memoryRequestIp) {
        -:  375:            _memoryRequestIp = ip;
        -:  376:            Word lineAddr = ToLineAddr(_memoryRequestIp);
        -:  377:            Word offset = ToLineOffset(_memoryRequestIp);
        -:  378:
        -:  379:            if (checkAddress(false, lineAddr)) {
        -:  380:                _waitCycles = codeLatency;
        -:  381:                _cacheMiss = false;
        -:  382:            }
        -:  383:            else {
        -:  384:                _cacheMiss = true;
        -:  385:                _waitCycles = failLatency;
        -:  386:            }
        -:  387:            _requestedIp = lineAddr;
        -:  388:            _requestedOffset = offset;
        -:  389:        }
        -:  390:    }
        -:  391:
        -:  392:    std::optional<Word> Response(Word responseTime)
        -:  393:    {
        -:  394:        if (_waitCycles > 0)
        -:  395:            return std::optional<Word>();
        -:  396:
        -:  397:        if (_cacheMiss)
        -:  398:        {
        -:  399:            Line memoryLine = _mem.readLineFromMemory(_requestedIp);
        -:  400:
        -:  401:            pair<Word, Word> latestUsage = pseudoLRUFinding(false, _requestedIp);
        -:  402:            Word blockId = latestUsage.first;
        -:  403:            Word cellId = latestUsage.second;
        -:  404:            changeLRUBit(_codeMemory, blockId, cellId);
        -:  405:
        -:  406:            if (_codeMemory[blockId][cellId].address != 0)
        -:  407:            {
        -:  408:                _mem.writeLineToMemory(_codeMemory[blockId][cellId].dataLine,
        -:  409:                                       _codeMemory[blockId][cellId].address);
        -:  410:            }
        -:  411:
        -:  412:            _codeMemory[blockId][cellId] = CacheCell {_requestedIp, memoryLine, 1, true};
        -:  413:
        -:  414:            return memoryLine[_requestedOffset];
        -:  415:
        -:  416:        } else {
        -:  417:            pair<Word, Word> position = findEntry(_requestedIp, false);
        -:  418:            _codeMemory[position.first][position.second].lastUsage = 1;
        -:  419:            changeLRUBit(_codeMemory, position.first, position.second);
        -:  420:            return _codeMemory[position.first][position.second].dataLine[_requestedOffset];
        -:  421:        }
        -:  422:    }
        -:  423:
        -:  424:    void Request(Word _addr, IType _type)
        -:  425:    {
        -:  426:        if (_type != IType::Ld && _type != IType::St)
        -:  427:            return;
        -:  428:
        -:  429:        Word lineAddr = ToLineAddr(_addr);
        -:  430:        Word offset = ToLineOffset(_addr);
        -:  431:
        -:  432:        if (checkAddress(true, lineAddr)) {
        -:  433:            _waitCycles = dataLatency;
        -:  434:            _cacheMiss = false;
        -:  435:        } else {
        -:  436:            _cacheMiss = true;
        -:  437:            _waitCycles = failLatency;
        -:  438:            pair<Word, Word> latestUsage = pseudoLRUFinding(true, lineAddr);
        -:  439:            if (_type == IType::St && (
        -:  440:                    (_dataMemory[latestUsage.first][latestUsage.second].address != 0)
        -:  441:                    && !_dataMemory[latestUsage.first][latestUsage.second].validityBit))
        -:  442:                _waitCycles += 120;
        -:  443:        }
        -:  444:        _requestedIp = lineAddr;
        -:  445:        _requestedOffset = offset;
        -:  446:    }
        -:  447:
       17:  448:    bool Response(Word _addr, Word &_data, IType _type, Word responseTime)
       17:  448-block  0
        -:  449:    {
       17:  450:        if (_type != IType::Ld && _type != IType::St)
       17:  450-block  0
       15:  450-block  1
        2:  451:            return true;
        2:  451-block  0
        -:  452:
       15:  453:        if (_waitCycles != 0)
       15:  453-block  0
        1:  454:            return false;
        1:  454-block  0
        -:  455:
       14:  456:        if (_cacheMiss)
       14:  456-block  0
        -:  457:        {
        9:  458:            Line memoryLine = _mem.readLineFromMemory(_requestedIp);
        9:  458-block  0
        -:  459:
        9:  460:            bool validity = true;
        9:  461:            if (_type == IType::St) {
        8:  462:                memoryLine[ToLineOffset(_addr)] = _data;
        8:  462-block  0
        8:  463:                validity = false;
        -:  464:            }
        -:  465:
        9:  466:            pair<Word, Word> latestUsage = pseudoLRUFinding(true, _requestedIp);
        9:  466-block  0
        9:  467:            Word blockId = latestUsage.first;
        9:  468:            Word cellId = latestUsage.second;
        9:  469:            changeLRUBit(_dataMemory, blockId, cellId);
        9:  469-block  0
        -:  470:
        9:  471:            if (_dataMemory[blockId][cellId].address != 0 && !_dataMemory[blockId][cellId].validityBit)
        2:  471-block  0
        2:  471-block  1
        7:  471-block  2
        9:  471-block  3
        -:  472:            {
        2:  473:                _mem.writeLineToMemory(_dataMemory[blockId][cellId].dataLine, _dataMemory[blockId][cellId].address);
        2:  473-block  0
        -:  474:            }
        -:  475:
        9:  476:            _dataMemory[blockId][cellId] = CacheCell {_requestedIp, memoryLine, 1, validity};
        9:  476-block  0
        -:  477:
        9:  478:            if (_type == IType::Ld)
        9:  479:                _data = memoryLine[_requestedOffset];
        1:  479-block  0
        9:  479-block  1
        -:  480:        }
        -:  481:        else
        -:  482:        {
        5:  483:            pair<Word, Word> position = findEntry(_requestedIp, true);
        5:  483-block  0
        5:  484:            _dataMemory[position.first][position.second].lastUsage = 1;
        5:  484-block  0
        5:  485:            changeLRUBit(_dataMemory, position.first, position.second);
        -:  486:
        5:  487:            if (_type == IType::Ld)
        1:  488:                _data = _dataMemory[position.first][position.second].dataLine[_requestedOffset];
        1:  488-block  0
        4:  489:            else if (_type == IType::St) {
        4:  489-block  0
        4:  490:                _dataMemory[position.first][position.second].dataLine[_requestedOffset] = _data;
        4:  490-block  0
        5:  491:                _dataMemory[position.first][position.second].validityBit = false;
        5:  491-block  0
        -:  492:            }
        -:  493:        }
        -:  494:
       17:  495:        return true;
       14:  495-block  0
       17:  495-block  1
    %%%%%:  495-block  2
        -:  496:    }
        -:  497:
    #####:  498:    void initializeCache()
    $$$$$:  498-block  0
        -:  499:    {
    #####:  500:        for (int i = 0; i < blockCount; ++i) {
    $$$$$:  500-block  0
    $$$$$:  500-block  1
    #####:  501:            _codeMemory[i] = vector<CacheCell>(codeCacheBytes / lineSizeBytes / blockCount);
    $$$$$:  501-block  0
    $$$$$:  501-block  1
    %%%%%:  501-block  2
    %%%%%:  501-block  3
    #####:  502:            _dataMemory[i] = vector<CacheCell>(dataCacheBytes / lineSizeBytes / blockCount);
    $$$$$:  502-block  0
    %%%%%:  502-block  1
        -:  503:        }
    #####:  504:    }
    $$$$$:  504-block  0
        -:  505:
        -:  506:    void Clock()
        -:  507:    {
        -:  508:        if (_waitCycles > 0)
        -:  509:            --_waitCycles;
        -:  510:    }
        -:  511:
        -:  512:    size_t getWaitCycles()
        -:  513:    {
        -:  514:        return _waitCycles;
        -:  515:    }
        -:  516:
        -:  517:    static const size_t getFailLatency() {
        -:  518:        return failLatency;
        -:  519:    }
        -:  520:
        -:  521:    static const size_t getCodeLatency() {
        -:  522:        return codeLatency;
        -:  523:    }
        -:  524:
        -:  525:    static const size_t getDataLatency() {
        -:  526:        return dataLatency;
        -:  527:    }
        -:  528:
    #####:  529:    void setWaitCycles(size_t waitCycles) {
    $$$$$:  529-block  0
    #####:  530:        _waitCycles = waitCycles;
    #####:  531:    }
        -:  532:
        -:  533:    bool isCacheMiss() const {
        -:  534:        return _cacheMiss;
        -:  535:    }
        -:  536:
        -:  537:    vector<Block> &getCodeMemory() {
        -:  538:        return _codeMemory;
        -:  539:    }
        -:  540:
    #####:  541:    vector<Block> &getDataMemory(){
    $$$$$:  541-block  0
    #####:  542:        return _dataMemory;
    $$$$$:  542-block  0
        -:  543:    }
        -:  544:
        -:  545:    Word getMemoryRequestIp() const {
        -:  546:        return _memoryRequestIp;
        -:  547:    }
        -:  548:
        -:  549:    Word getRequestedIp() const {
        -:  550:        return _requestedIp;
        -:  551:    }
        -:  552:
        -:  553:    Word getRequestedOffset() const {
        -:  554:        return _requestedOffset;
        -:  555:    }
        -:  556:
        -:  557:    void setMemoryRequestIp(Word memoryRequestIp) {
        -:  558:        _memoryRequestIp = memoryRequestIp;
        -:  559:    }
        -:  560:
    #####:  561:    void setCacheMiss(bool cacheMiss) {
    $$$$$:  561-block  0
    #####:  562:        _cacheMiss = cacheMiss;
    #####:  563:    }
        -:  564:
    #####:  565:    UncachedMem &getMem() const {
    $$$$$:  565-block  0
    #####:  566:        return _mem;
    $$$$$:  566-block  0
        -:  567:    }
        -:  568:
    #####:  569:    void setRequestedIp(Word requestedIp) {
    $$$$$:  569-block  0
    #####:  570:        _requestedIp = requestedIp;
    #####:  571:    }
        -:  572:
    #####:  573:    void setRequestedOffset(Word requestedOffset) {
    $$$$$:  573-block  0
    #####:  574:        _requestedOffset = requestedOffset;
    #####:  575:    }
        -:  576:
        -:  577:private:
        -:  578:    static constexpr size_t failLatency = 152;
        -:  579:    static constexpr size_t codeLatency = 1;
        -:  580:    static constexpr size_t dataLatency = 3;
        -:  581:
        -:  582:    Word _memoryRequestIp = 0;
        -:  583:    Word _requestedIp = 0;
        -:  584:    Word _requestedOffset = 0;
        -:  585:    size_t _waitCycles = 0;
        -:  586:    bool _cacheMiss = false;
        -:  587:
        -:  588:    vector<Block> _codeMemory = vector<Block>(blockCount);
        -:  589:    vector<Block> _dataMemory = vector<Block>(blockCount);
        -:  590:    UncachedMem& _mem;
        -:  591:};
        -:  592:
        -:  593:#endif //RISCV_SIM_DATAMEMORY_H
